<?xml version="1.0" encoding="UTF-8"?>
<testng-results ignored="0" total="1" passed="1" failed="0" skipped="0">
  <reporter-output>
  </reporter-output>
  <suite started-at="2025-03-01T15:27:10 IST" name="Default suite" finished-at="2025-03-01T15:27:27 IST" duration-ms="17448">
    <groups>
    </groups>
    <test started-at="2025-03-01T15:27:10 IST" name="Default test" finished-at="2025-03-01T15:27:27 IST" duration-ms="17448">
      <class name="March.Automative.Machines_stored">
        <test-method signature="testFiles()[pri:0, instance:March.Automative.Machines_stored@6bedbc4d]" started-at="2025-03-01T15:27:10 IST" name="testFiles" finished-at="2025-03-01T15:27:27 IST" duration-ms="17403" status="PASS">
          <reporter-output>
          </reporter-output>
        </test-method> <!-- testFiles -->
      </class> <!-- March.Automative.Machines_stored -->
    </test> <!-- Default test -->
  </suite> <!-- Default suite -->
</testng-results>
